<?xml version="1.0" encoding="UTF-8" ?>
<testsuite errors="0" failures="0" hostname="Paco-Ubuntu" name="prácticaunidad3.CCuentaTest" tests="3" time="0.111" timestamp="2011-05-01T16:01:39">
  <properties>
[...]
</properties>
  <testcase classname="prácticaunidad3.CCuentaTest" name="testIngresar1000" time="0.0030" />
  <testcase classname="prácticaunidad3.CCuentaTest" name="testRetirar1000" time="0.0" />
  <testcase classname="prácticaunidad3.CCuentaTest" name="testIngresarYRetirar" time="0.0" />
  <system-out><![CDATA[]]></system-out>
  <system-err><![CDATA[]]></system-err>
</testsuite>
